Arguments: 
  D:\nodeJs\node.exe C:\Program Files (x86)\Yarn\bin\yarn.js init

PATH: 
  C:\Users\李卫宁\bin;C:\Users\李卫宁\Downloads\cmder\bin;C:\Users\李卫宁\Downloads\cmder\vendor\bin;C:\Users\李卫宁\Downloads\cmder\vendor\git-for-windows\bin;C:\Users\李卫宁\Downloads\cmder\vendor\git-for-windows\mingw64\bin;C:\Users\李卫宁\Downloads\cmder\vendor\git-for-windows\usr\local\bin;C:\Users\李卫宁\Downloads\cmder\vendor\git-for-windows\usr\bin;C:\Users\李卫宁\Downloads\cmder\vendor\git-for-windows\usr\bin;C:\Users\李卫宁\Downloads\cmder\vendor\git-for-windows\mingw64\bin;C:\Users\李卫宁\Downloads\cmder\vendor\git-for-windows\usr\bin;C:\Users\李卫宁\bin;C:\Users\李卫宁\Downloads\cmder\vendor\conemu-maximus5\ConEmu\Scripts;C:\Users\李卫宁\Downloads\cmder\vendor\conemu-maximus5;C:\Users\李卫宁\Downloads\cmder\vendor\conemu-maximus5\ConEmu;C:\Program Files (x86)\Razer Chroma SDK\bin;C:\Program Files\Razer Chroma SDK\bin;D:\java\apache-maven-3.5.4\bin;C:\Program Files\Java\jdk1.8.0_152\bin;C:\Program Files (x86)\Intel\iCLS Client;C:\Program Files\Intel\iCLS Client;C:\windows\system32;C:\windows;C:\windows\System32\Wbem;C:\windows\System32\WindowsPowerShell\v1.0;C:\Program Files (x86)\Intel\Intel(R) Management Engine Components\DAL;C:\Program Files\Intel\Intel(R) Management Engine Components\DAL;C:\Program Files (x86)\Intel\Intel(R) Management Engine Components\IPT;C:\Program Files\Intel\Intel(R) Management Engine Components\IPT;C:\Program Files (x86)\NVIDIA Corporation\PhysX\Common;C:\WINDOWS\system32;C:\WINDOWS;C:\WINDOWS\System32\Wbem;C:\WINDOWS\System32\WindowsPowerShell\v1.0;C:\WINDOWS\System32\OpenSSH;C:\Program Files\TortoiseSVN\bin;C:\WINDOWS\system32\config\systemprofile\AppData\Local\Microsoft\WindowsApps;D:\GitHub\Git\cmd;F:\迅雷\Profiles\video\Pan\QTSystem;C:\WINDOWS\system32;C:\WINDOWS;C:\WINDOWS\System32\Wbem;C:\WINDOWS\System32\WindowsPowerShell\v1.0;C:\WINDOWS\System32\OpenSSH;C:\Program Files (x86)\Yarn\bin;D:\Software\hugo;D:\nodeJs;C:\Users\李卫宁\AppData\Local\Microsoft\WindowsApps;D:\Microsoft VS Code\bin;C:\Users\李卫宁\AppData\Local\Yarn\bin;C:\Users\李卫宁\AppData\Roaming\npm;C:\Users\李卫宁\Downloads\cmder;C:\Users\李卫宁\Downloads\cmder\vendor\git-for-windows\usr\bin\vendor_perl;C:\Users\李卫宁\Downloads\cmder\vendor\git-for-windows\usr\bin\core_perl

Yarn version: 
  1.16.0

Node version: 
  12.13.1

Platform: 
  win32 x64

Trace: 
  Error: canceled
      at Interface.<anonymous> (C:\Program Files (x86)\Yarn\lib\cli.js:125850:13)
      at Interface.emit (events.js:210:5)
      at Interface._ttyWrite (readline.js:887:16)
      at ReadStream.onkeypress (readline.js:191:10)
      at ReadStream.emit (events.js:210:5)
      at emitKeys (internal/readline/utils.js:433:14)
      at emitKeys.next (<anonymous>)
      at ReadStream.onData (readline.js:1153:36)
      at ReadStream.emit (events.js:210:5)
      at addChunk (_stream_readable.js:309:12)

npm manifest: 
  No manifest

yarn manifest: 
  No manifest

Lockfile: 
  No lockfile
